Arguments: 
  C:\Program Files\nodejs\node.exe C:\Program Files (x86)\Yarn\bin\yarn.js add @types

PATH: 
  C:\Users\olivier.ndeye\bin;C:\Users\olivier.ndeye\AppData\Local\Programs\Git\mingw64\bin;C:\Users\olivier.ndeye\AppData\Local\Programs\Git\usr\local\bin;C:\Users\olivier.ndeye\AppData\Local\Programs\Git\usr\bin;C:\Users\olivier.ndeye\AppData\Local\Programs\Git\usr\bin;C:\Users\olivier.ndeye\AppData\Local\Programs\Git\mingw64\bin;C:\Users\olivier.ndeye\AppData\Local\Programs\Git\usr\bin;C:\Users\olivier.ndeye\bin;C:\Python27;C:\Python27\Scripts;C:\Python310\Scripts;C:\Python310;C:\windows\system32;C:\windows;C:\windows\System32\Wbem;C:\windows\System32\WindowsPowerShell\v1.0;C:\windows\System32\OpenSSH;C:\ProgramData\chocolatey\bin;C:\Program Files (x86)\Microsoft SQL Server\150\DTS\Binn;C:\Program Files\Azure Data Studio\bin;C:\Program Files\dotnet;C:\Program Files\Microsoft SQL Server\130\Tools\Binn;C:\Program Files\Microsoft SQL Server\Client SDK\ODBC\170\Tools\Binn;C:\Program Files\Java\jdk1.8.0_211\binC;C:\Users\olivier.ndeye\AppData\Local\Programs\Git\Android\sdk\emulato;C:\Android\sdk\tools;C:\Android\sdk\tools\bin;C:\Android\sdk\platform-tools";C:\Program Files\OpenJDK\openjdk-11.0.15_10\binC;C:\Users\olivier.ndeye\AppData\Local\Programs\Git\Android\sdk\emulato;C:\Android\sdk\tools;C:\Android\sdk\tools\bin;C:\Android\sdk\platform-tools";C:\Users\LEVE\AppData\Local\Yarn\bin;C:\Program Files (x86)\Yarn\bin;C:\Program Files\nodejs;C:\Program Files\OpenJDK\openjdk-8u332-b09\bin;C:\Program Files\Go\bin;C:\Program Files\Docker\Docker\resources\bin;C:\ProgramData\DockerDesktop\version-bin;C:\Program Files (x86)\dotnet;C:\Users\olivier.ndeye\AppData\Local\Microsoft\WindowsApps;C:\Users\olivier.ndeye\AppData\Local\Programs\Microsoft VS Code\bin;C:\Users\olivier.ndeye\AppData\Roaming\npm;C:\Users\olivier.ndeye\.dotnet\tools;C:\Users\olivier.ndeye\go\bin;C:\Users\olivier.ndeye\AppData\Local\Programs\Git\cmd;C:\Users\olivier.ndeye\AppData\Local\Programs\Git\usr\bin\vendor_perl;C:\Users\olivier.ndeye\AppData\Local\Programs\Git\usr\bin\core_perl

Yarn version: 
  1.22.19

Node version: 
  16.15.1

Platform: 
  win32 x64

Trace: 
  Error: https://registry.yarnpkg.com/@types: Request "https://registry.yarnpkg.com/@types" returned a 405
      at Request.params.callback [as _callback] (C:\Program Files (x86)\Yarn\lib\cli.js:66154:18)
      at Request.self.callback (C:\Program Files (x86)\Yarn\lib\cli.js:140890:22)
      at Request.emit (node:events:527:28)
      at Request.<anonymous> (C:\Program Files (x86)\Yarn\lib\cli.js:141862:10)
      at Request.emit (node:events:527:28)
      at IncomingMessage.<anonymous> (C:\Program Files (x86)\Yarn\lib\cli.js:141784:12)
      at Object.onceWrapper (node:events:641:28)
      at IncomingMessage.emit (node:events:539:35)
      at endReadableNT (node:internal/streams/readable:1345:12)
      at processTicksAndRejections (node:internal/process/task_queues:83:21)

npm manifest: 
  {
    "name": "ms-user-auth",
    "version": "1.0.0",
    "description": "Microservice for user's authentication",
    "main": "./dist/index.js",
    "scripts": {
      "test": "echo \"Error: no test specified\" && exit 1",
      "start": "node ./index.js"
    },
    "author": "Olivier Ndeye",
    "license": "ISC",
    "dependencies": {
      "typescript": "^4.7.4",
      "yarn": "^1.22.19"
    }
  }

yarn manifest: 
  No manifest

Lockfile: 
  # THIS IS AN AUTOGENERATED FILE. DO NOT EDIT THIS FILE DIRECTLY.
  # yarn lockfile v1
  
  
  typescript@^4.7.4:
    version "4.7.4"
    resolved "https://registry.yarnpkg.com/typescript/-/typescript-4.7.4.tgz#1a88596d1cf47d59507a1bcdfb5b9dfe4d488235"
    integrity sha512-C0WQT0gezHuw6AdY1M2jxUO83Rjf0HP7Sk1DtXj6j1EwkQNZrHAg2XPWlq62oqEhYvONq5pkC2Y9oPljWToLmQ==
  
  yarn@^1.22.19:
    version "1.22.19"
    resolved "https://registry.yarnpkg.com/yarn/-/yarn-1.22.19.tgz#4ba7fc5c6e704fce2066ecbfb0b0d8976fe62447"
    integrity sha512-/0V5q0WbslqnwP91tirOvldvYISzaqhClxzyUKXYxs07yUILIs5jx/k6CFe8bvKSkds5w+eiOqta39Wk3WxdcQ==
